<testsuite failures="0" name="src/test/java/examples/petStore/petStoreAPI.feature" skipped="0" tests="4" time="4.310823">
  <testcase classname="src.test.java.examples.petStore.petStoreAPI" name="find pet by id" time="1.501388">
    <system-out>* url baseurl ............................................................. passed
* def reqPayLoad = ........................................................ passed
* def request_header = {accept: 'application/json', api_key: 'special-key'} . passed
Given url baseurl+'/v2/pet/' .............................................. passed
And path '2' .............................................................. passed
When method GET ........................................................... passed
Then status 200 ........................................................... passed
* def petResp = response .................................................. passed
* print petResp ........................................................... passed
* def petID = petResp.id .................................................. passed
* match petID == 2 ........................................................ passed</system-out>
  </testcase>
  <testcase classname="src.test.java.examples.petStore.petStoreAPI" name="Amend pet name of an existing petID" time="0.936957">
    <system-out>* url baseurl ............................................................. passed
* def reqPayLoad = ........................................................ passed
* def request_header = {accept: 'application/json', api_key: 'special-key'} . passed
Given url baseurl+'/v2/pet/' .............................................. passed
And path '2' .............................................................. passed
When method GET ........................................................... passed
Then status 200 ........................................................... passed
* def petResp = response .................................................. passed
* print petResp ........................................................... passed
* def petID = petResp.id .................................................. passed
* match petID == 2 ........................................................ passed
* url baseurl ............................................................. passed
* def reqPayLoad = ........................................................ passed
* def request_header = {accept: 'application/json', Content-Type: 'application/json'} . passed
Given path '/v2/pet' ...................................................... passed
And request reqPayLoad .................................................... passed
When method PUT ........................................................... passed
Then status 200 ........................................................... passed
* def petResp = response .................................................. passed
* print petResp ........................................................... passed
* match petResp.name == 'Pitbull' ......................................... passed</system-out>
  </testcase>
  <testcase classname="src.test.java.examples.petStore.petStoreAPI" name="delete an existing pet" time="0.936128">
    <system-out>* url baseurl ............................................................. passed
* def reqPayLoad = ........................................................ passed
* def request_header = {accept: 'application/json', api_key: 'special-key'} . passed
Given url baseurl+'/v2/pet/' .............................................. passed
And path '2' .............................................................. passed
When method GET ........................................................... passed
Then status 200 ........................................................... passed
* def petResp = response .................................................. passed
* print petResp ........................................................... passed
* def petID = petResp.id .................................................. passed
* match petID == 2 ........................................................ passed
* url baseurl ............................................................. passed
* def reqPayLoad = ........................................................ passed
* def request_header = {accept: 'application/json', Content-Type: 'application/json'} . passed
Given path '/v2/pet' ...................................................... passed
And request reqPayLoad .................................................... passed
When method PUT ........................................................... passed
Then status 200 ........................................................... passed
* def petResp = response .................................................. passed
* print petResp ........................................................... passed
* match petResp.name == 'Pitbull' ......................................... passed
* url baseurl ............................................................. passed
* def reqPayLoad = ........................................................ passed
* def request_header = {accept: 'application/json'} ....................... passed
Given url baseurl+'/v2/pet/' .............................................. passed
And path '2' .............................................................. passed
When method DELETE ........................................................ passed
Then status 200 ........................................................... passed
* def petResp = response .................................................. passed
* print petResp ........................................................... passed
* match petResp.type == 'unknown' ......................................... passed</system-out>
  </testcase>
  <testcase classname="src.test.java.examples.petStore.petStoreAPI" name="find pet by id" time="0.936351">
    <system-out>* url baseurl ............................................................. passed
* def reqPayLoad = ........................................................ passed
* def request_header = {accept: 'application/json', api_key: 'special-key'} . passed
Given url baseurl+'/v2/pet/' .............................................. passed
And path '2' .............................................................. passed
When method GET ........................................................... passed
Then status 200 ........................................................... passed
* def petResp = response .................................................. passed
* print petResp ........................................................... passed
* def petID = petResp.id .................................................. passed
* match petID == 2 ........................................................ passed
* url baseurl ............................................................. passed
* def reqPayLoad = ........................................................ passed
* def request_header = {accept: 'application/json', Content-Type: 'application/json'} . passed
Given path '/v2/pet' ...................................................... passed
And request reqPayLoad .................................................... passed
When method PUT ........................................................... passed
Then status 200 ........................................................... passed
* def petResp = response .................................................. passed
* print petResp ........................................................... passed
* match petResp.name == 'Pitbull' ......................................... passed
* url baseurl ............................................................. passed
* def reqPayLoad = ........................................................ passed
* def request_header = {accept: 'application/json'} ....................... passed
Given url baseurl+'/v2/pet/' .............................................. passed
And path '2' .............................................................. passed
When method DELETE ........................................................ passed
Then status 200 ........................................................... passed
* def petResp = response .................................................. passed
* print petResp ........................................................... passed
* match petResp.type == 'unknown' ......................................... passed
* url baseurl ............................................................. passed
* def reqPayLoad = ........................................................ passed
* def request_header = {accept: 'application/json', api_key: 'special-key'} . passed
Given url baseurl+'/v2/pet/' .............................................. passed
And path '2' .............................................................. passed
When method GET ........................................................... passed
Then status 404 ........................................................... passed
* def petResp = response .................................................. passed
* print petResp ........................................................... passed
* match petResp.type == 'error' ........................................... passed
* match petResp.message == 'Pet not found' ................................ passed</system-out>
  </testcase>
</testsuite>
