<testsuite failures="0" name="src/test/java/examples/petStore/auto.feature" skipped="0" tests="4" time="4.320555">
  <testcase classname="src.test.java.examples.petStore.auto" name="find pet by id" time="1.555358">
    <system-out>* url baseurl ............................................................. passed
* def reqPayLoad = ........................................................ passed
* def request_header = {accept: 'application/json', api_key: 'special-key'} . passed
Given url baseurl+'/v2/pet/' .............................................. passed
And path '2' .............................................................. passed
When method GET ........................................................... passed
Then status 200 ........................................................... passed
* def jsonResp = response ................................................. passed
* print jsonResp .......................................................... passed
* def petID = jsonResp.id ................................................. passed
* match petID == 2 ........................................................ passed</system-out>
  </testcase>
  <testcase classname="src.test.java.examples.petStore.auto" name="Amend pet name of an existing petID" time="0.946609">
    <system-out>* url baseurl ............................................................. passed
* def reqPayLoad = ........................................................ passed
* def request_header = {accept: 'application/json', api_key: 'special-key'} . passed
Given url baseurl+'/v2/pet/' .............................................. passed
And path '2' .............................................................. passed
When method GET ........................................................... passed
Then status 200 ........................................................... passed
* def jsonResp = response ................................................. passed
* print jsonResp .......................................................... passed
* def petID = jsonResp.id ................................................. passed
* match petID == 2 ........................................................ passed
* url baseurl ............................................................. passed
* def reqPayLoad = ........................................................ passed
* def request_header = {accept: 'application/json', Content-Type: 'application/json'} . passed
Given path '/v2/pet' ...................................................... passed
And request reqPayLoad .................................................... passed
When method PUT ........................................................... passed
Then status 200 ........................................................... passed
* def jsonResp = response ................................................. passed
* print jsonResp .......................................................... passed
* match jsonResp.name == 'Pitbull' ........................................ passed</system-out>
  </testcase>
  <testcase classname="src.test.java.examples.petStore.auto" name="delete an existing pet" time="0.900618">
    <system-out>* url baseurl ............................................................. passed
* def reqPayLoad = ........................................................ passed
* def request_header = {accept: 'application/json', api_key: 'special-key'} . passed
Given url baseurl+'/v2/pet/' .............................................. passed
And path '2' .............................................................. passed
When method GET ........................................................... passed
Then status 200 ........................................................... passed
* def jsonResp = response ................................................. passed
* print jsonResp .......................................................... passed
* def petID = jsonResp.id ................................................. passed
* match petID == 2 ........................................................ passed
* url baseurl ............................................................. passed
* def reqPayLoad = ........................................................ passed
* def request_header = {accept: 'application/json', Content-Type: 'application/json'} . passed
Given path '/v2/pet' ...................................................... passed
And request reqPayLoad .................................................... passed
When method PUT ........................................................... passed
Then status 200 ........................................................... passed
* def jsonResp = response ................................................. passed
* print jsonResp .......................................................... passed
* match jsonResp.name == 'Pitbull' ........................................ passed
* url baseurl ............................................................. passed
* def reqPayLoad = ........................................................ passed
* def request_header = {accept: 'application/json'} ....................... passed
Given url baseurl+'/v2/pet/' .............................................. passed
And path '2' .............................................................. passed
When method DELETE ........................................................ passed
Then status 200 ........................................................... passed
* def jsonResp = response ................................................. passed
* print jsonResp .......................................................... passed
* match jsonResp.type == 'unknown' ........................................ passed</system-out>
  </testcase>
  <testcase classname="src.test.java.examples.petStore.auto" name="find pet by id" time="0.917971">
    <system-out>* url baseurl ............................................................. passed
* def reqPayLoad = ........................................................ passed
* def request_header = {accept: 'application/json', api_key: 'special-key'} . passed
Given url baseurl+'/v2/pet/' .............................................. passed
And path '2' .............................................................. passed
When method GET ........................................................... passed
Then status 200 ........................................................... passed
* def jsonResp = response ................................................. passed
* print jsonResp .......................................................... passed
* def petID = jsonResp.id ................................................. passed
* match petID == 2 ........................................................ passed
* url baseurl ............................................................. passed
* def reqPayLoad = ........................................................ passed
* def request_header = {accept: 'application/json', Content-Type: 'application/json'} . passed
Given path '/v2/pet' ...................................................... passed
And request reqPayLoad .................................................... passed
When method PUT ........................................................... passed
Then status 200 ........................................................... passed
* def jsonResp = response ................................................. passed
* print jsonResp .......................................................... passed
* match jsonResp.name == 'Pitbull' ........................................ passed
* url baseurl ............................................................. passed
* def reqPayLoad = ........................................................ passed
* def request_header = {accept: 'application/json'} ....................... passed
Given url baseurl+'/v2/pet/' .............................................. passed
And path '2' .............................................................. passed
When method DELETE ........................................................ passed
Then status 200 ........................................................... passed
* def jsonResp = response ................................................. passed
* print jsonResp .......................................................... passed
* match jsonResp.type == 'unknown' ........................................ passed
* url baseurl ............................................................. passed
* def reqPayLoad = ........................................................ passed
* def request_header = {accept: 'application/json', api_key: 'special-key'} . passed
Given url baseurl+'/v2/pet/' .............................................. passed
And path '2' .............................................................. passed
When method GET ........................................................... passed
Then status 404 ........................................................... passed
* def jsonResp = response ................................................. passed
* print jsonResp .......................................................... passed
* match jsonResp.type == 'error' .......................................... passed
* match jsonResp.message == 'Pet not found' ............................... passed</system-out>
  </testcase>
</testsuite>
