<testsuite failures="2" name="src/test/java/examples/users/getAPIheaders.feature" skipped="0" tests="2" time="2.71562">
  <testcase classname="src.test.java.examples.users.getAPIheaders" name="Get headers for API using variables" time="1.639449">
    <failure message="getAPIheaders.feature:9 - status code was: 404, expected: 200, response time: 1154, url: https://gorest.co.in/public/v1/users/20, response: {&quot;data&quot;:{&quot;message&quot;:&quot;Resource not found&quot;},&quot;meta&quot;:null}">* def request_header = {Content-Type: 'application/json', Connection: 'Keep-Alive'} . passed
Given url baseURL+'/public/v1/users/' ..................................... passed
And headers request_header ................................................ passed
And path '20' ............................................................. passed
When method GET ........................................................... passed
Then status 200 ........................................................... failed

Stack Trace:
com.intuit.karate.exception.KarateException: getAPIheaders.feature:9 - status code was: 404, expected: 200, response time: 1154, url: https://gorest.co.in/public/v1/users/20, response: {"data":{"message":"Resource not found"},"meta":null}&#13;
	at ✽.Then status 200 (getAPIheaders.feature:9)&#13;

* print response .......................................................... skipped</failure>
  </testcase>
  <testcase classname="src.test.java.examples.users.getAPIheaders" name="Get headers for API using variables" time="1.07617">
    <failure message="getAPIheaders.feature:17 - status code was: 404, expected: 200, response time: 1074, url: https://gorest.co.in/public/v1/users/20, response: {&quot;data&quot;:{&quot;message&quot;:&quot;Resource not found&quot;},&quot;meta&quot;:null}">* def request_header = {Content-Type: 'application/json', Connection: 'Keep-Alive'} . passed
Given url baseURL+'/public/v1/users/' ..................................... passed
And headers request_header ................................................ passed
And path '20' ............................................................. passed
When method GET ........................................................... passed
Then status 200 ........................................................... failed

Stack Trace:
com.intuit.karate.exception.KarateException: getAPIheaders.feature:9 - status code was: 404, expected: 200, response time: 1154, url: https://gorest.co.in/public/v1/users/20, response: {"data":{"message":"Resource not found"},"meta":null}&#13;
	at ✽.Then status 200 (getAPIheaders.feature:9)&#13;

* print response .......................................................... skipped
* configure headers = {Content-Type: 'application/json', Connection: 'Keep-Alive'} . passed
Given url baseURL+'/public/v1/users/' ..................................... passed
And path '20' ............................................................. passed
When method GET ........................................................... passed
Then status 200 ........................................................... failed

Stack Trace:
com.intuit.karate.exception.KarateException: getAPIheaders.feature:17 - status code was: 404, expected: 200, response time: 1074, url: https://gorest.co.in/public/v1/users/20, response: {"data":{"message":"Resource not found"},"meta":null}&#13;
	at ✽.Then status 200 (getAPIheaders.feature:17)&#13;

* print response .......................................................... skipped</failure>
  </testcase>
</testsuite>
