<testsuite failures="0" name="src/test/java/examples/petStore/findPetByID.feature" skipped="0" tests="1" time="4.250777">
  <testcase classname="src.test.java.examples.petStore.findPetByID" name="find pet by id, update pet name and then delete petId" time="4.250777">
    <system-out>* def request_header = {accept: 'application/json', api_key: 'special-key'} . passed
Given url baseurl+'/v2/pet/' .............................................. passed
And path '4' .............................................................. passed
When method GET ........................................................... passed
Then status 200 ........................................................... passed
* def petResp = response .................................................. passed
* print petResp ........................................................... passed
* def petID = petResp.id .................................................. passed
* print "Id of the pet is " +petID ........................................ passed
* match petID == 4 ........................................................ passed
* def reqBody = ........................................................... passed
* reqBody.id = petID ...................................................... passed
* print reqBody ........................................................... passed
* def request_header = {accept: 'application/json', Content-Type: 'application/json'} . passed
Given url baseurl+'/v2/pet' ............................................... passed
And request reqBody ....................................................... passed
When method PUT ........................................................... passed
Then status 200 ........................................................... passed
* def petResp = response .................................................. passed
* print petResp ........................................................... passed
* match petResp.name == 'Pitbull' ......................................... passed
* def request_header = {accept: 'application/json'} ....................... passed
Given url baseurl+'/v2/pet/'+petID ........................................ passed
When method DELETE ........................................................ passed
Then status 200 ........................................................... passed
* def petResp = response .................................................. passed
* print petResp ........................................................... passed
* match petResp.type == 'unknown' ......................................... passed
* def request_header = {accept: 'application/json', api_key: 'special-key'} . passed
Given url baseurl+'/v2/pet/'+petID ........................................ passed
When method GET ........................................................... passed
Then status 404 ........................................................... passed
* def petResp = response .................................................. passed
* print petResp ........................................................... passed
* match petResp.type == 'error' ........................................... passed
* match petResp.message == 'Pet not found' ................................ passed</system-out>
  </testcase>
</testsuite>
